[Fri Feb 13 09:54:46 EST 2026] Watchdog started
[Fri Feb 13 09:54:47 EST 2026] Health OK
[Fri Feb 13 09:55:07 EST 2026] Health OK
[Fri Feb 13 09:55:27 EST 2026] Health OK
[Fri Feb 13 09:55:47 EST 2026] Health OK
[Fri Feb 13 09:56:07 EST 2026] Health OK
[Fri Feb 13 09:56:27 EST 2026] Health OK
[Fri Feb 13 09:56:47 EST 2026] Health OK
[Fri Feb 13 09:57:08 EST 2026] Health OK
[Fri Feb 13 09:57:28 EST 2026] Health OK
[Fri Feb 13 09:57:48 EST 2026] Health OK
[Fri Feb 13 09:58:08 EST 2026] Health OK
[Fri Feb 13 09:58:28 EST 2026] Health OK
[Fri Feb 13 09:58:48 EST 2026] Health OK
[Fri Feb 13 09:59:08 EST 2026] Health OK
[Fri Feb 13 09:59:28 EST 2026] Health OK
[Fri Feb 13 09:59:48 EST 2026] Health OK
[Fri Feb 13 10:00:08 EST 2026] Health OK
[Fri Feb 13 10:00:28 EST 2026] Health OK
[Fri Feb 13 10:00:48 EST 2026] Health OK
[Fri Feb 13 10:01:08 EST 2026] Health OK
[Fri Feb 13 10:01:28 EST 2026] Health OK
[Fri Feb 13 10:01:48 EST 2026] Health OK
[Fri Feb 13 10:02:08 EST 2026] Health OK
[Fri Feb 13 10:02:28 EST 2026] Health OK
[Fri Feb 13 10:02:48 EST 2026] Health OK
[Fri Feb 13 10:03:08 EST 2026] Health OK
[Fri Feb 13 10:03:28 EST 2026] Health OK
[Fri Feb 13 10:03:48 EST 2026] Health OK
[Fri Feb 13 10:04:08 EST 2026] Health OK
[Fri Feb 13 10:04:28 EST 2026] Health OK
[Fri Feb 13 10:04:49 EST 2026] Health OK
[Fri Feb 13 10:05:09 EST 2026] Health OK
[Fri Feb 13 10:05:29 EST 2026] Health OK
[Fri Feb 13 10:05:49 EST 2026] Health OK
[Fri Feb 13 10:06:09 EST 2026] Health OK
[Fri Feb 13 10:06:29 EST 2026] Health OK
[Fri Feb 13 10:06:49 EST 2026] Health OK
[Fri Feb 13 10:07:09 EST 2026] Health OK
[Fri Feb 13 10:07:29 EST 2026] Health OK
[Fri Feb 13 10:07:49 EST 2026] Health OK
[Fri Feb 13 10:08:09 EST 2026] Health OK
[Fri Feb 13 10:08:29 EST 2026] Health OK
[Fri Feb 13 10:08:49 EST 2026] Health OK
[Fri Feb 13 10:09:09 EST 2026] Health OK
[Fri Feb 13 10:09:29 EST 2026] Health OK
[Fri Feb 13 10:09:49 EST 2026] Health OK
[Fri Feb 13 10:10:09 EST 2026] Health OK
[Fri Feb 13 10:10:29 EST 2026] Health OK
[Fri Feb 13 10:10:49 EST 2026] Health OK
[Fri Feb 13 10:11:09 EST 2026] Health OK
[Fri Feb 13 10:11:29 EST 2026] Health OK
[Fri Feb 13 10:11:49 EST 2026] Health OK
[Fri Feb 13 10:12:09 EST 2026] Health OK
[Fri Feb 13 10:12:29 EST 2026] Health OK
[Fri Feb 13 10:12:50 EST 2026] Health OK
[Fri Feb 13 10:13:10 EST 2026] Health OK
[Fri Feb 13 10:13:30 EST 2026] Health OK
[Fri Feb 13 10:13:50 EST 2026] Health OK
[Fri Feb 13 10:14:10 EST 2026] Health OK
[Fri Feb 13 10:14:30 EST 2026] Health OK
[Fri Feb 13 10:14:50 EST 2026] Health OK
[Fri Feb 13 10:15:10 EST 2026] Health OK
[Fri Feb 13 10:15:30 EST 2026] Health OK
[Fri Feb 13 10:15:50 EST 2026] Health OK
[Fri Feb 13 10:16:10 EST 2026] Health OK
[Fri Feb 13 10:16:30 EST 2026] Health OK
[Fri Feb 13 10:16:50 EST 2026] Health OK
[Fri Feb 13 10:17:10 EST 2026] Health OK
[Fri Feb 13 10:17:30 EST 2026] Health OK
[Fri Feb 13 10:17:50 EST 2026] Health OK
[Fri Feb 13 10:18:10 EST 2026] Health OK
[Fri Feb 13 10:18:30 EST 2026] Health OK
[Fri Feb 13 10:18:50 EST 2026] Health OK
[Fri Feb 13 10:19:10 EST 2026] Health OK
[Fri Feb 13 10:19:30 EST 2026] Health OK
[Fri Feb 13 10:19:50 EST 2026] Health OK
[Fri Feb 13 10:20:11 EST 2026] Health OK
[Fri Feb 13 10:20:31 EST 2026] Health OK
[Fri Feb 13 10:20:51 EST 2026] Health OK
[Fri Feb 13 10:21:11 EST 2026] Health OK
[Fri Feb 13 10:21:31 EST 2026] Health OK
[Fri Feb 13 10:21:51 EST 2026] Health OK
[Fri Feb 13 10:22:11 EST 2026] Health OK
[Fri Feb 13 10:22:31 EST 2026] Health OK
[Fri Feb 13 10:22:51 EST 2026] Health OK
[Fri Feb 13 10:23:11 EST 2026] Health OK
[Fri Feb 13 10:23:31 EST 2026] Health OK
[Fri Feb 13 10:23:51 EST 2026] Health OK
[Fri Feb 13 10:24:11 EST 2026] Health OK
[Fri Feb 13 10:24:31 EST 2026] Health OK
[Fri Feb 13 10:24:51 EST 2026] Health OK
[Fri Feb 13 10:25:11 EST 2026] Health OK
[Fri Feb 13 10:25:32 EST 2026] Health OK
[Fri Feb 13 10:25:52 EST 2026] Health OK
[Fri Feb 13 10:26:12 EST 2026] Health OK
[Fri Feb 13 10:26:32 EST 2026] Health OK
[Fri Feb 13 10:26:52 EST 2026] Health OK
[Fri Feb 13 10:27:12 EST 2026] Health OK
[Fri Feb 13 10:27:32 EST 2026] Health OK
[Fri Feb 13 10:27:52 EST 2026] Health OK
[Fri Feb 13 10:28:12 EST 2026] Health OK
[Fri Feb 13 10:28:32 EST 2026] Health OK
[Fri Feb 13 10:28:52 EST 2026] Health OK
[Fri Feb 13 10:29:12 EST 2026] Health OK
[Fri Feb 13 10:29:32 EST 2026] Health OK
[Fri Feb 13 10:29:52 EST 2026] Health OK
[Fri Feb 13 10:30:12 EST 2026] Health OK
[Fri Feb 13 10:30:32 EST 2026] Health OK
[Fri Feb 13 10:30:52 EST 2026] Health OK
[Fri Feb 13 10:31:12 EST 2026] Health OK
[Fri Feb 13 10:31:32 EST 2026] Health OK
[Fri Feb 13 10:31:52 EST 2026] Health OK
[Fri Feb 13 10:32:12 EST 2026] Health OK
[Fri Feb 13 10:32:32 EST 2026] Health OK
[Fri Feb 13 10:32:53 EST 2026] Health OK
[Fri Feb 13 10:33:13 EST 2026] Health OK
[Fri Feb 13 10:33:33 EST 2026] Health OK
[Fri Feb 13 10:33:53 EST 2026] Health OK
[Fri Feb 13 10:34:13 EST 2026] Health OK
[Fri Feb 13 10:34:33 EST 2026] Health OK
[Fri Feb 13 10:34:53 EST 2026] Health OK
[Fri Feb 13 10:35:13 EST 2026] Health OK
[Fri Feb 13 10:35:33 EST 2026] Health OK
[Fri Feb 13 10:35:53 EST 2026] Health OK
[Fri Feb 13 10:36:13 EST 2026] Health OK
[Fri Feb 13 10:36:33 EST 2026] Health OK
[Fri Feb 13 10:36:53 EST 2026] Health OK
[Fri Feb 13 10:37:13 EST 2026] Health OK
[Fri Feb 13 10:37:33 EST 2026] Health OK
[Fri Feb 13 10:40:55 EST 2026] Health OK
[Fri Feb 13 10:41:15 EST 2026] Health OK
[Fri Feb 13 10:41:35 EST 2026] Health OK
[Fri Feb 13 10:41:55 EST 2026] Health OK
[Fri Feb 13 10:42:15 EST 2026] Health OK
[Fri Feb 13 10:42:35 EST 2026] Health OK
[Fri Feb 13 10:42:55 EST 2026] Health OK
[Fri Feb 13 10:43:15 EST 2026] Health OK
[Fri Feb 13 10:43:35 EST 2026] Health OK
[Fri Feb 13 10:43:55 EST 2026] Health OK
[Fri Feb 13 10:44:15 EST 2026] Health OK
[Fri Feb 13 10:44:35 EST 2026] Health OK
[Fri Feb 13 10:44:55 EST 2026] Health OK
[Fri Feb 13 10:45:15 EST 2026] Health OK
[Fri Feb 13 10:45:35 EST 2026] Health OK
[Fri Feb 13 10:45:55 EST 2026] Health OK
[Fri Feb 13 10:46:15 EST 2026] Health OK
[Fri Feb 13 10:46:35 EST 2026] Health OK
[Fri Feb 13 10:46:55 EST 2026] Health OK
[Fri Feb 13 10:47:15 EST 2026] Health OK
[Fri Feb 13 10:47:35 EST 2026] Health OK
[Fri Feb 13 10:47:55 EST 2026] Health OK
[Fri Feb 13 10:48:16 EST 2026] Health OK
[Fri Feb 13 10:48:36 EST 2026] Health OK
[Fri Feb 13 10:48:56 EST 2026] Health OK
[Fri Feb 13 10:49:16 EST 2026] Health OK
[Fri Feb 13 10:49:36 EST 2026] Health OK
[Fri Feb 13 10:49:56 EST 2026] Health OK
[Fri Feb 13 10:50:16 EST 2026] Health OK
[Fri Feb 13 10:50:36 EST 2026] Health OK
[Fri Feb 13 10:50:56 EST 2026] Health OK
[Fri Feb 13 10:51:16 EST 2026] Health OK
[Fri Feb 13 10:51:36 EST 2026] Health OK
[Fri Feb 13 10:51:56 EST 2026] Health OK
[Fri Feb 13 10:52:16 EST 2026] Health OK
[Fri Feb 13 10:52:36 EST 2026] Health OK
[Fri Feb 13 10:52:56 EST 2026] Health OK
[Fri Feb 13 10:53:16 EST 2026] Health OK
[Fri Feb 13 10:53:36 EST 2026] Health OK
[Fri Feb 13 10:53:56 EST 2026] Health OK
[Fri Feb 13 10:54:16 EST 2026] Health OK
[Fri Feb 13 10:54:36 EST 2026] Health OK
[Fri Feb 13 10:54:56 EST 2026] Health OK
[Fri Feb 13 10:55:16 EST 2026] Health OK
[Fri Feb 13 10:55:37 EST 2026] Health OK
[Fri Feb 13 10:55:57 EST 2026] Health OK
[Fri Feb 13 10:56:17 EST 2026] Health OK
[Fri Feb 13 10:56:37 EST 2026] Health OK
[Fri Feb 13 10:56:57 EST 2026] Health OK
[Fri Feb 13 10:57:17 EST 2026] Health OK
[Fri Feb 13 10:57:37 EST 2026] Health OK
[Fri Feb 13 10:57:57 EST 2026] Health OK
[Fri Feb 13 10:58:17 EST 2026] Health OK
[Fri Feb 13 10:58:37 EST 2026] Health OK
[Fri Feb 13 10:58:57 EST 2026] Health OK
[Fri Feb 13 10:59:17 EST 2026] Health OK
[Fri Feb 13 10:59:37 EST 2026] Health OK
[Fri Feb 13 10:59:57 EST 2026] Health OK
[Fri Feb 13 11:00:17 EST 2026] Health OK
[Fri Feb 13 11:00:37 EST 2026] Health OK
[Fri Feb 13 11:00:57 EST 2026] Health OK
[Fri Feb 13 11:01:17 EST 2026] Health OK
[Fri Feb 13 11:01:37 EST 2026] Health OK
[Fri Feb 13 11:01:57 EST 2026] Health OK
[Fri Feb 13 11:02:17 EST 2026] Health OK
[Fri Feb 13 11:02:37 EST 2026] Health OK
[Fri Feb 13 11:02:57 EST 2026] Health OK
[Fri Feb 13 11:03:17 EST 2026] Health OK
[Fri Feb 13 11:03:37 EST 2026] Health OK
[Fri Feb 13 11:03:57 EST 2026] Health OK
[Fri Feb 13 11:04:18 EST 2026] Health OK
[Fri Feb 13 11:04:38 EST 2026] Health OK
[Fri Feb 13 11:04:58 EST 2026] Health OK
[Fri Feb 13 11:05:18 EST 2026] Health OK
[Fri Feb 13 11:05:38 EST 2026] Health OK
[Fri Feb 13 11:05:58 EST 2026] Health OK
[Fri Feb 13 11:06:18 EST 2026] Health OK
[Fri Feb 13 11:06:38 EST 2026] Health OK
[Fri Feb 13 11:06:58 EST 2026] Health OK
[Fri Feb 13 11:07:18 EST 2026] Health OK
[Fri Feb 13 11:07:38 EST 2026] Health OK
[Fri Feb 13 11:07:58 EST 2026] Health OK
[Fri Feb 13 11:08:18 EST 2026] Health OK
[Fri Feb 13 11:08:38 EST 2026] Health OK
[Fri Feb 13 11:08:58 EST 2026] Health OK
[Fri Feb 13 11:09:18 EST 2026] Health OK
[Fri Feb 13 11:09:38 EST 2026] Health OK
[Fri Feb 13 11:09:58 EST 2026] Health OK
[Fri Feb 13 11:10:18 EST 2026] Health OK
[Fri Feb 13 11:10:38 EST 2026] Health OK
[Fri Feb 13 11:10:58 EST 2026] Health OK
[Fri Feb 13 11:11:18 EST 2026] Health OK
[Fri Feb 13 11:11:38 EST 2026] Health OK
[Fri Feb 13 11:11:58 EST 2026] Health OK
[Fri Feb 13 11:12:19 EST 2026] Health OK
[Fri Feb 13 11:12:39 EST 2026] Health OK
[Fri Feb 13 11:12:59 EST 2026] Health OK
[Fri Feb 13 11:13:19 EST 2026] Health OK
[Fri Feb 13 11:13:39 EST 2026] Health OK
[Fri Feb 13 11:13:59 EST 2026] Health OK
[Fri Feb 13 11:14:19 EST 2026] Health OK
[Fri Feb 13 11:14:39 EST 2026] Health OK
[Fri Feb 13 11:14:59 EST 2026] Health OK
[Fri Feb 13 11:15:19 EST 2026] Health OK
[Fri Feb 13 11:15:52 EST 2026] Health FAILED
[Fri Feb 13 11:15:52 EST 2026] Restarting server...

> ai-builder@0.1.0 dev
> next dev

   ▲ Next.js 15.5.12
   - Local:        http://localhost:3000
   - Network:      http://10.0.0.129:3000
   - Environments: .env.local

 ✓ Starting...
 ✓ Ready in 2.1s
 ○ Compiling /api/health ...
 ✓ Compiled /api/health in 753ms (298 modules)
 GET /api/health 200 in 843ms
[Fri Feb 13 11:16:21 EST 2026] Health OK
 GET /api/health 200 in 11ms
[Fri Feb 13 11:16:41 EST 2026] Health OK
 GET /api/health 200 in 14ms
[Fri Feb 13 11:17:01 EST 2026] Health OK
 GET /api/health 200 in 13ms
[Fri Feb 13 11:17:21 EST 2026] Health OK
 GET /api/health 200 in 8ms
[Fri Feb 13 11:17:41 EST 2026] Health OK
 GET /api/health 200 in 7ms
[Fri Feb 13 11:18:01 EST 2026] Health OK
 GET /api/health 200 in 11ms
[Fri Feb 13 11:18:21 EST 2026] Health OK
 GET /api/health 200 in 11ms
[Fri Feb 13 11:18:41 EST 2026] Health OK
 GET /api/health 200 in 12ms
[Fri Feb 13 11:19:01 EST 2026] Health OK
 GET /api/health 200 in 12ms
[Fri Feb 13 11:19:21 EST 2026] Health OK
 GET /api/health 200 in 9ms
[Fri Feb 13 11:19:41 EST 2026] Health OK
 GET /api/health 200 in 14ms
[Fri Feb 13 11:20:01 EST 2026] Health OK
 GET /api/health 200 in 10ms
[Fri Feb 13 11:20:21 EST 2026] Health OK
 GET /api/health 200 in 11ms
[Fri Feb 13 11:20:42 EST 2026] Health OK
 GET /api/health 200 in 11ms
[Fri Feb 13 11:21:02 EST 2026] Health OK
 GET /api/health 200 in 11ms
[Fri Feb 13 11:21:22 EST 2026] Health OK
 GET /api/health 200 in 19ms
[Fri Feb 13 11:21:42 EST 2026] Health OK
 GET /api/health 200 in 13ms
[Fri Feb 13 11:22:02 EST 2026] Health OK
 GET /api/health 200 in 12ms
[Fri Feb 13 11:22:22 EST 2026] Health OK
 GET /api/health 200 in 10ms
[Fri Feb 13 11:22:42 EST 2026] Health OK
 GET /api/health 200 in 10ms
[Fri Feb 13 11:23:02 EST 2026] Health OK
 GET /api/health 200 in 11ms
[Fri Feb 13 11:23:22 EST 2026] Health OK
 GET /api/health 200 in 9ms
[Fri Feb 13 11:23:42 EST 2026] Health OK
 GET /api/health 200 in 7ms
[Fri Feb 13 11:24:02 EST 2026] Health OK
 GET /api/health 200 in 8ms
[Fri Feb 13 11:24:22 EST 2026] Health OK
 GET /api/health 200 in 11ms
[Fri Feb 13 11:24:42 EST 2026] Health OK
 GET /api/health 200 in 15ms
[Fri Feb 13 11:25:02 EST 2026] Health OK
 GET /api/health 200 in 14ms
[Fri Feb 13 11:25:22 EST 2026] Health OK
 GET /api/health 200 in 9ms
[Fri Feb 13 11:25:42 EST 2026] Health OK
 GET /api/health 200 in 10ms
[Fri Feb 13 11:26:02 EST 2026] Health OK
 GET /api/health 200 in 8ms
[Fri Feb 13 11:26:22 EST 2026] Health OK
 GET /api/health 200 in 10ms
[Fri Feb 13 11:26:42 EST 2026] Health OK
 GET /api/health 200 in 12ms
[Fri Feb 13 11:27:02 EST 2026] Health OK
 GET /api/health 200 in 9ms
[Fri Feb 13 11:27:22 EST 2026] Health OK
 GET /api/health 200 in 22ms
[Fri Feb 13 11:27:42 EST 2026] Health OK
 GET /api/health 200 in 15ms
[Fri Feb 13 11:28:02 EST 2026] Health OK
 GET /api/health 200 in 11ms
[Fri Feb 13 11:28:23 EST 2026] Health OK
 GET /api/health 200 in 11ms
[Fri Feb 13 11:28:43 EST 2026] Health OK
 GET /api/health 200 in 10ms
[Fri Feb 13 11:29:03 EST 2026] Health OK
 GET /api/health 200 in 9ms
[Fri Feb 13 11:29:23 EST 2026] Health OK
 GET /api/health 200 in 10ms
[Fri Feb 13 11:29:43 EST 2026] Health OK
 GET /api/health 200 in 13ms
[Fri Feb 13 11:30:03 EST 2026] Health OK
 GET /api/health 200 in 11ms
[Fri Feb 13 11:30:23 EST 2026] Health OK
 GET /api/health 200 in 9ms
[Fri Feb 13 11:30:43 EST 2026] Health OK
 GET /api/health 200 in 9ms
[Fri Feb 13 11:31:03 EST 2026] Health OK
 GET /api/health 200 in 8ms
[Fri Feb 13 11:31:23 EST 2026] Health OK
 GET /api/health 200 in 13ms
[Fri Feb 13 11:31:43 EST 2026] Health OK
 GET /api/health 200 in 11ms
[Fri Feb 13 11:32:03 EST 2026] Health OK
 GET /api/health 200 in 10ms
[Fri Feb 13 11:32:23 EST 2026] Health OK
 GET /api/health 200 in 24ms
[Fri Feb 13 11:32:43 EST 2026] Health OK
 GET /api/health 200 in 12ms
[Fri Feb 13 11:33:03 EST 2026] Health OK
 GET /api/health 200 in 10ms
[Fri Feb 13 11:33:23 EST 2026] Health OK
 GET /api/health 200 in 10ms
[Fri Feb 13 11:33:43 EST 2026] Health OK
 GET /api/health 200 in 29ms
[Fri Feb 13 11:34:03 EST 2026] Health OK
 GET /api/health 200 in 10ms
[Fri Feb 13 11:34:23 EST 2026] Health OK
 GET /api/health 200 in 10ms
[Fri Feb 13 11:34:43 EST 2026] Health OK
 GET /api/health 200 in 10ms
[Fri Feb 13 11:35:03 EST 2026] Health OK
 GET /api/health 200 in 28ms
[Fri Feb 13 11:35:24 EST 2026] Health OK
 GET /api/health 200 in 14ms
[Fri Feb 13 11:35:44 EST 2026] Health OK
 GET /api/health 200 in 13ms
[Fri Feb 13 11:36:04 EST 2026] Health OK
 GET /api/health 200 in 9ms
[Fri Feb 13 11:36:24 EST 2026] Health OK
 GET /api/health 200 in 12ms
[Fri Feb 13 11:36:44 EST 2026] Health OK
 GET /api/health 200 in 8ms
[Fri Feb 13 11:37:04 EST 2026] Health OK
 GET /api/health 200 in 9ms
[Fri Feb 13 11:37:24 EST 2026] Health OK
 GET /api/health 200 in 10ms
[Fri Feb 13 11:37:44 EST 2026] Health OK
 GET /api/health 200 in 11ms
[Fri Feb 13 11:38:04 EST 2026] Health OK
 GET /api/health 200 in 13ms
[Fri Feb 13 11:38:24 EST 2026] Health OK
 GET /api/health 200 in 9ms
[Fri Feb 13 11:38:44 EST 2026] Health OK
 GET /api/health 200 in 11ms
[Fri Feb 13 11:39:04 EST 2026] Health OK
 GET /api/health 200 in 10ms
[Fri Feb 13 11:39:24 EST 2026] Health OK
 GET /api/health 200 in 10ms
[Fri Feb 13 11:39:44 EST 2026] Health OK
 GET /api/health 200 in 14ms
[Fri Feb 13 11:40:04 EST 2026] Health OK
 GET /api/health 200 in 15ms
[Fri Feb 13 11:40:24 EST 2026] Health OK
 GET /api/health 200 in 15ms
[Fri Feb 13 11:40:45 EST 2026] Health OK
 GET /api/health 200 in 11ms
[Fri Feb 13 11:41:05 EST 2026] Health OK
 GET /api/health 200 in 11ms
[Fri Feb 13 11:41:25 EST 2026] Health OK
 GET /api/health 200 in 10ms
[Fri Feb 13 11:41:45 EST 2026] Health OK
 GET /api/health 200 in 11ms
[Fri Feb 13 11:42:05 EST 2026] Health OK
 GET /api/health 200 in 10ms
[Fri Feb 13 11:42:25 EST 2026] Health OK
 GET /api/health 200 in 9ms
[Fri Feb 13 11:42:45 EST 2026] Health OK
 GET /api/health 200 in 10ms
[Fri Feb 13 11:43:05 EST 2026] Health OK
 GET /api/health 200 in 9ms
[Fri Feb 13 11:43:25 EST 2026] Health OK
 GET /api/health 200 in 9ms
[Fri Feb 13 11:43:45 EST 2026] Health OK
 GET /api/health 200 in 10ms
[Fri Feb 13 11:44:05 EST 2026] Health OK
 GET /api/health 200 in 12ms
[Fri Feb 13 11:44:25 EST 2026] Health OK
 GET /api/health 200 in 19ms
[Fri Feb 13 11:45:33 EST 2026] Health OK
 GET /api/health 200 in 11ms
[Fri Feb 13 11:45:53 EST 2026] Health OK
 GET /api/health 200 in 10ms
[Fri Feb 13 11:46:13 EST 2026] Health OK
 GET /api/health 200 in 9ms
[Fri Feb 13 11:46:34 EST 2026] Health OK
 GET /api/health 200 in 11ms
[Fri Feb 13 11:46:54 EST 2026] Health OK
 GET /api/health 200 in 12ms
[Fri Feb 13 11:47:14 EST 2026] Health OK
 GET /api/health 200 in 33ms
[Fri Feb 13 11:47:34 EST 2026] Health OK
 GET /api/health 200 in 21ms
[Fri Feb 13 11:47:54 EST 2026] Health OK
 GET /api/health 200 in 10ms
[Fri Feb 13 11:48:14 EST 2026] Health OK
 GET /api/health 200 in 7ms
[Fri Feb 13 11:48:34 EST 2026] Health OK
 GET /api/health 200 in 9ms
[Fri Feb 13 11:48:54 EST 2026] Health OK
 GET /api/health 200 in 12ms
[Fri Feb 13 11:49:14 EST 2026] Health OK
 GET /api/health 200 in 11ms
[Fri Feb 13 11:49:34 EST 2026] Health OK
 GET /api/health 200 in 10ms
[Fri Feb 13 11:49:54 EST 2026] Health OK
 GET /api/health 200 in 9ms
[Fri Feb 13 11:50:14 EST 2026] Health OK
 GET /api/health 200 in 9ms
[Fri Feb 13 11:50:34 EST 2026] Health OK
 GET /api/health 200 in 9ms
[Fri Feb 13 11:50:54 EST 2026] Health OK
 GET /api/health 200 in 9ms
[Fri Feb 13 11:51:14 EST 2026] Health OK
 GET /api/health 200 in 8ms
[Fri Feb 13 11:51:34 EST 2026] Health OK
 GET /api/health 200 in 11ms
[Fri Feb 13 11:51:54 EST 2026] Health OK
 GET /api/health 200 in 10ms
[Fri Feb 13 11:52:14 EST 2026] Health OK
 ✓ Compiled in 184ms (104 modules)
 GET /api/health 200 in 42ms
[Fri Feb 13 11:52:34 EST 2026] Health OK
 GET /api/health 200 in 15ms
[Fri Feb 13 11:52:54 EST 2026] Health OK
 GET /api/health 200 in 11ms
[Fri Feb 13 11:53:14 EST 2026] Health OK
[Error: ENOENT: no such file or directory, stat '/Users/erictouko/Documents/korelumina/.next/cache/webpack/server-development/0.pack.gz'] {
  errno: -2,
  code: 'ENOENT',
  syscall: 'stat',
  path: '/Users/erictouko/Documents/korelumina/.next/cache/webpack/server-development/0.pack.gz'
}
 ⨯ unhandledRejection: [Error: ENOENT: no such file or directory, stat '/Users/erictouko/Documents/korelumina/.next/cache/webpack/server-development/0.pack.gz'] {
  errno: -2,
  code: 'ENOENT',
  syscall: 'stat',
  path: '/Users/erictouko/Documents/korelumina/.next/cache/webpack/server-development/0.pack.gz'
}
 ⨯ unhandledRejection:  [Error: ENOENT: no such file or directory, stat '/Users/erictouko/Documents/korelumina/.next/cache/webpack/server-development/0.pack.gz'] {
  errno: -2,
  code: 'ENOENT',
  syscall: 'stat',
  path: '/Users/erictouko/Documents/korelumina/.next/cache/webpack/server-development/0.pack.gz'
}
<w> [webpack.cache.PackFileCacheStrategy] Caching failed for pack: Error: ENOENT: no such file or directory, stat '/Users/erictouko/Documents/korelumina/.next/cache/webpack/server-development/0.pack.gz'
 ⨯ [Error: ENOENT: no such file or directory, open '/Users/erictouko/Documents/korelumina/.next/server/app-paths-manifest.json'] {
  errno: -2,
  code: 'ENOENT',
  syscall: 'open',
  path: '/Users/erictouko/Documents/korelumina/.next/server/app-paths-manifest.json',
  page: '/api/health'
}
 ○ Compiling /_error ...
 ✓ Compiled /_error in 776ms (644 modules)
 ⨯ Error: Cannot find module '../webpack-runtime.js'
Require stack:
- /Users/erictouko/Documents/korelumina/.next/server/pages/_document.js
- /Users/erictouko/Documents/korelumina/node_modules/next/dist/server/require.js
- /Users/erictouko/Documents/korelumina/node_modules/next/dist/server/load-components.js
- /Users/erictouko/Documents/korelumina/node_modules/next/dist/build/utils.js
- /Users/erictouko/Documents/korelumina/node_modules/next/dist/build/swc/options.js
- /Users/erictouko/Documents/korelumina/node_modules/next/dist/build/swc/index.js
- /Users/erictouko/Documents/korelumina/node_modules/next/dist/build/next-config-ts/transpile-config.js
- /Users/erictouko/Documents/korelumina/node_modules/next/dist/server/config.js
- /Users/erictouko/Documents/korelumina/node_modules/next/dist/server/next.js
- /Users/erictouko/Documents/korelumina/node_modules/next/dist/server/lib/start-server.js
    at <unknown> (.next/server/pages/_document.js:60:27)
    at Object.<anonymous> (.next/server/pages/_document.js:66:3) {
  code: 'MODULE_NOT_FOUND',
  requireStack: [Array]
}
 GET /api/health 500 in 1704ms
[Fri Feb 13 11:53:36 EST 2026] Health FAILED
[Fri Feb 13 11:53:36 EST 2026] Restarting server...
<w> [webpack.cache.PackFileCacheStrategy] Caching failed for pack: Error: ENOENT: no such file or directory, open '/Users/erictouko/Documents/korelumina/.next/cache/webpack/client-development/0.pack.gz_'
[?25h

> ai-builder@0.1.0 dev
> next dev

[Fri Feb 13 11:54:40 EST 2026] Health FAILED
[Fri Feb 13 11:54:40 EST 2026] Restarting server...

> ai-builder@0.1.0 dev
> next dev

[Fri Feb 13 11:55:08 EST 2026] Health FAILED
[Fri Feb 13 11:55:08 EST 2026] Restarting server...

> ai-builder@0.1.0 dev
> next dev

[Fri Feb 13 11:55:36 EST 2026] Health FAILED
[Fri Feb 13 11:55:36 EST 2026] Restarting server...

> ai-builder@0.1.0 dev
> next dev

[Fri Feb 13 11:56:04 EST 2026] Health FAILED
[Fri Feb 13 11:56:04 EST 2026] Restarting server...

> ai-builder@0.1.0 dev
> next dev

[Fri Feb 13 11:56:32 EST 2026] Health FAILED
[Fri Feb 13 11:56:32 EST 2026] Restarting server...

> ai-builder@0.1.0 dev
> next dev

[Fri Feb 13 11:57:00 EST 2026] Health FAILED
[Fri Feb 13 11:57:00 EST 2026] Restarting server...

> ai-builder@0.1.0 dev
> next dev

[Fri Feb 13 11:57:28 EST 2026] Health FAILED
[Fri Feb 13 11:57:28 EST 2026] Restarting server...

> ai-builder@0.1.0 dev
> next dev

[Fri Feb 13 11:57:56 EST 2026] Health FAILED
[Fri Feb 13 11:57:56 EST 2026] Restarting server...

> ai-builder@0.1.0 dev
> next dev

[Fri Feb 13 11:58:24 EST 2026] Health FAILED
[Fri Feb 13 11:58:24 EST 2026] Restarting server...

> ai-builder@0.1.0 dev
> next dev

[Fri Feb 13 11:58:52 EST 2026] Health FAILED
[Fri Feb 13 11:58:52 EST 2026] Restarting server...

> ai-builder@0.1.0 dev
> next dev

[Fri Feb 13 11:59:21 EST 2026] Health FAILED
[Fri Feb 13 11:59:21 EST 2026] Restarting server...

> ai-builder@0.1.0 dev
> next dev

[Fri Feb 13 11:59:49 EST 2026] Health FAILED
[Fri Feb 13 11:59:49 EST 2026] Restarting server...

> ai-builder@0.1.0 dev
> next dev

[Fri Feb 13 12:00:17 EST 2026] Health FAILED
[Fri Feb 13 12:00:17 EST 2026] Restarting server...

> ai-builder@0.1.0 dev
> next dev

[Fri Feb 13 12:00:45 EST 2026] Health FAILED
[Fri Feb 13 12:00:45 EST 2026] Restarting server...

> ai-builder@0.1.0 dev
> next dev

[Fri Feb 13 12:01:13 EST 2026] Health FAILED
[Fri Feb 13 12:01:13 EST 2026] Restarting server...

> ai-builder@0.1.0 dev
> next dev

[Fri Feb 13 12:01:41 EST 2026] Health FAILED
[Fri Feb 13 12:01:41 EST 2026] Restarting server...

> ai-builder@0.1.0 dev
> next dev

[Fri Feb 13 12:02:09 EST 2026] Health FAILED
[Fri Feb 13 12:02:09 EST 2026] Restarting server...

> ai-builder@0.1.0 dev
> next dev

[Fri Feb 13 12:02:37 EST 2026] Health FAILED
[Fri Feb 13 12:02:37 EST 2026] Restarting server...

> ai-builder@0.1.0 dev
> next dev

[Fri Feb 13 12:03:30 EST 2026] Health FAILED
[Fri Feb 13 12:03:30 EST 2026] Restarting server...

> ai-builder@0.1.0 dev
> next dev

[Fri Feb 13 12:03:59 EST 2026] Health FAILED
[Fri Feb 13 12:03:59 EST 2026] Restarting server...

> ai-builder@0.1.0 dev
> next dev

[Fri Feb 13 12:04:27 EST 2026] Health FAILED
[Fri Feb 13 12:04:27 EST 2026] Restarting server...

> ai-builder@0.1.0 dev
> next dev

[Fri Feb 13 12:04:55 EST 2026] Health FAILED
[Fri Feb 13 12:04:55 EST 2026] Restarting server...

> ai-builder@0.1.0 dev
> next dev

[Fri Feb 13 12:05:23 EST 2026] Health FAILED
[Fri Feb 13 12:05:23 EST 2026] Restarting server...

> ai-builder@0.1.0 dev
> next dev

[Fri Feb 13 12:05:51 EST 2026] Health FAILED
[Fri Feb 13 12:05:51 EST 2026] Restarting server...

> ai-builder@0.1.0 dev
> next dev

[Fri Feb 13 12:07:48 EST 2026] Health FAILED
[Fri Feb 13 12:07:48 EST 2026] Restarting server...

> ai-builder@0.1.0 dev
> next dev

[Fri Feb 13 12:08:16 EST 2026] Health FAILED
[Fri Feb 13 12:08:16 EST 2026] Restarting server...

> ai-builder@0.1.0 dev
> next dev

[Fri Feb 13 12:08:44 EST 2026] Health FAILED
[Fri Feb 13 12:08:44 EST 2026] Restarting server...

> ai-builder@0.1.0 dev
> next dev

[Fri Feb 13 12:09:12 EST 2026] Health FAILED
[Fri Feb 13 12:09:12 EST 2026] Restarting server...

> ai-builder@0.1.0 dev
> next dev

[Fri Feb 13 12:09:41 EST 2026] Health FAILED
[Fri Feb 13 12:09:41 EST 2026] Restarting server...

> ai-builder@0.1.0 dev
> next dev

[Fri Feb 13 12:10:09 EST 2026] Health FAILED
[Fri Feb 13 12:10:09 EST 2026] Restarting server...

> ai-builder@0.1.0 dev
> next dev

[Fri Feb 13 12:10:37 EST 2026] Health FAILED
[Fri Feb 13 12:10:37 EST 2026] Restarting server...

> ai-builder@0.1.0 dev
> next dev

[Fri Feb 13 12:11:05 EST 2026] Health FAILED
[Fri Feb 13 12:11:05 EST 2026] Restarting server...

> ai-builder@0.1.0 dev
> next dev

[Fri Feb 13 12:11:33 EST 2026] Health FAILED
[Fri Feb 13 12:11:33 EST 2026] Restarting server...

> ai-builder@0.1.0 dev
> next dev

[Fri Feb 13 12:12:01 EST 2026] Health FAILED
[Fri Feb 13 12:12:01 EST 2026] Restarting server...

> ai-builder@0.1.0 dev
> next dev

[Fri Feb 13 12:12:29 EST 2026] Health FAILED
[Fri Feb 13 12:12:29 EST 2026] Restarting server...

> ai-builder@0.1.0 dev
> next dev

[Fri Feb 13 12:12:57 EST 2026] Health FAILED
[Fri Feb 13 12:12:57 EST 2026] Restarting server...

> ai-builder@0.1.0 dev
> next dev

[Fri Feb 13 12:13:25 EST 2026] Health FAILED
[Fri Feb 13 12:13:25 EST 2026] Restarting server...

> ai-builder@0.1.0 dev
> next dev

[Fri Feb 13 12:13:53 EST 2026] Health FAILED
[Fri Feb 13 12:13:53 EST 2026] Restarting server...

> ai-builder@0.1.0 dev
> next dev

[Fri Feb 13 12:14:21 EST 2026] Health FAILED
[Fri Feb 13 12:14:21 EST 2026] Restarting server...

> ai-builder@0.1.0 dev
> next dev

[Fri Feb 13 12:14:49 EST 2026] Health FAILED
[Fri Feb 13 12:14:49 EST 2026] Restarting server...

> ai-builder@0.1.0 dev
> next dev

[Fri Feb 13 12:15:18 EST 2026] Health FAILED
[Fri Feb 13 12:15:18 EST 2026] Restarting server...

> ai-builder@0.1.0 dev
> next dev

[Fri Feb 13 12:15:46 EST 2026] Health FAILED
[Fri Feb 13 12:15:46 EST 2026] Restarting server...

> ai-builder@0.1.0 dev
> next dev

[Fri Feb 13 12:16:14 EST 2026] Health FAILED
[Fri Feb 13 12:16:14 EST 2026] Restarting server...

> ai-builder@0.1.0 dev
> next dev

[Fri Feb 13 12:16:42 EST 2026] Health FAILED
[Fri Feb 13 12:16:42 EST 2026] Restarting server...

> ai-builder@0.1.0 dev
> next dev

[Fri Feb 13 12:17:10 EST 2026] Health FAILED
[Fri Feb 13 12:17:10 EST 2026] Restarting server...

> ai-builder@0.1.0 dev
> next dev

[Fri Feb 13 12:17:38 EST 2026] Health FAILED
[Fri Feb 13 12:17:38 EST 2026] Restarting server...

> ai-builder@0.1.0 dev
> next dev

[Fri Feb 13 12:18:06 EST 2026] Health FAILED
[Fri Feb 13 12:18:06 EST 2026] Restarting server...

> ai-builder@0.1.0 dev
> next dev

[Fri Feb 13 12:18:34 EST 2026] Health FAILED
[Fri Feb 13 12:18:34 EST 2026] Restarting server...

> ai-builder@0.1.0 dev
> next dev

[Fri Feb 13 12:19:02 EST 2026] Health FAILED
[Fri Feb 13 12:19:02 EST 2026] Restarting server...

> ai-builder@0.1.0 dev
> next dev

[Fri Feb 13 12:19:30 EST 2026] Health FAILED
[Fri Feb 13 12:19:30 EST 2026] Restarting server...

> ai-builder@0.1.0 dev
> next dev

[Fri Feb 13 12:19:58 EST 2026] Health FAILED
[Fri Feb 13 12:19:58 EST 2026] Restarting server...

> ai-builder@0.1.0 dev
> next dev

[Fri Feb 13 12:20:27 EST 2026] Health FAILED
[Fri Feb 13 12:20:27 EST 2026] Restarting server...

> ai-builder@0.1.0 dev
> next dev

[Fri Feb 13 12:20:55 EST 2026] Health FAILED
[Fri Feb 13 12:20:55 EST 2026] Restarting server...

> ai-builder@0.1.0 dev
> next dev

[Fri Feb 13 12:21:23 EST 2026] Health FAILED
[Fri Feb 13 12:21:23 EST 2026] Restarting server...

> ai-builder@0.1.0 dev
> next dev

[Fri Feb 13 12:21:51 EST 2026] Health FAILED
[Fri Feb 13 12:21:51 EST 2026] Restarting server...

> ai-builder@0.1.0 dev
> next dev

[Fri Feb 13 12:22:19 EST 2026] Health FAILED
[Fri Feb 13 12:22:19 EST 2026] Restarting server...

> ai-builder@0.1.0 dev
> next dev

[Fri Feb 13 12:22:47 EST 2026] Health FAILED
[Fri Feb 13 12:22:47 EST 2026] Restarting server...

> ai-builder@0.1.0 dev
> next dev

[Fri Feb 13 12:23:15 EST 2026] Health FAILED
[Fri Feb 13 12:23:15 EST 2026] Restarting server...

> ai-builder@0.1.0 dev
> next dev

[Fri Feb 13 12:23:43 EST 2026] Health FAILED
[Fri Feb 13 12:23:43 EST 2026] Restarting server...

> ai-builder@0.1.0 dev
> next dev

[Fri Feb 13 12:24:11 EST 2026] Health FAILED
[Fri Feb 13 12:24:11 EST 2026] Restarting server...

> ai-builder@0.1.0 dev
> next dev

[Fri Feb 13 12:24:39 EST 2026] Health FAILED
[Fri Feb 13 12:24:39 EST 2026] Restarting server...

> ai-builder@0.1.0 dev
> next dev

[Fri Feb 13 12:25:07 EST 2026] Health FAILED
[Fri Feb 13 12:25:07 EST 2026] Restarting server...

> ai-builder@0.1.0 dev
> next dev

[Fri Feb 13 12:25:35 EST 2026] Health FAILED
[Fri Feb 13 12:25:35 EST 2026] Restarting server...

> ai-builder@0.1.0 dev
> next dev

[Fri Feb 13 12:26:04 EST 2026] Health FAILED
[Fri Feb 13 12:26:04 EST 2026] Restarting server...

> ai-builder@0.1.0 dev
> next dev

[Fri Feb 13 12:26:32 EST 2026] Health FAILED
[Fri Feb 13 12:26:32 EST 2026] Restarting server...

> ai-builder@0.1.0 dev
> next dev

[Fri Feb 13 12:27:00 EST 2026] Health FAILED
[Fri Feb 13 12:27:00 EST 2026] Restarting server...

> ai-builder@0.1.0 dev
> next dev

[Fri Feb 13 12:27:28 EST 2026] Health FAILED
[Fri Feb 13 12:27:28 EST 2026] Restarting server...

> ai-builder@0.1.0 dev
> next dev

[Fri Feb 13 12:27:56 EST 2026] Health FAILED
[Fri Feb 13 12:27:56 EST 2026] Restarting server...

> ai-builder@0.1.0 dev
> next dev

[Fri Feb 13 12:28:24 EST 2026] Health FAILED
[Fri Feb 13 12:28:24 EST 2026] Restarting server...

> ai-builder@0.1.0 dev
> next dev

[Fri Feb 13 12:28:52 EST 2026] Health FAILED
[Fri Feb 13 12:28:52 EST 2026] Restarting server...

> ai-builder@0.1.0 dev
> next dev

[Fri Feb 13 12:29:20 EST 2026] Health FAILED
[Fri Feb 13 12:29:20 EST 2026] Restarting server...

> ai-builder@0.1.0 dev
> next dev

[Fri Feb 13 12:29:48 EST 2026] Health FAILED
[Fri Feb 13 12:29:48 EST 2026] Restarting server...

> ai-builder@0.1.0 dev
> next dev

[Fri Feb 13 12:30:16 EST 2026] Health FAILED
[Fri Feb 13 12:30:16 EST 2026] Restarting server...

> ai-builder@0.1.0 dev
> next dev

[Fri Feb 13 12:30:44 EST 2026] Health FAILED
[Fri Feb 13 12:30:44 EST 2026] Restarting server...

> ai-builder@0.1.0 dev
> next dev

[Fri Feb 13 12:31:12 EST 2026] Health FAILED
[Fri Feb 13 12:31:12 EST 2026] Restarting server...

> ai-builder@0.1.0 dev
> next dev

[Fri Feb 13 12:31:41 EST 2026] Health FAILED
[Fri Feb 13 12:31:41 EST 2026] Restarting server...

> ai-builder@0.1.0 dev
> next dev

[Fri Feb 13 12:32:09 EST 2026] Health FAILED
[Fri Feb 13 12:32:09 EST 2026] Restarting server...

> ai-builder@0.1.0 dev
> next dev

[Fri Feb 13 12:32:37 EST 2026] Health FAILED
[Fri Feb 13 12:32:37 EST 2026] Restarting server...

> ai-builder@0.1.0 dev
> next dev

[Fri Feb 13 12:33:05 EST 2026] Health FAILED
[Fri Feb 13 12:33:05 EST 2026] Restarting server...

> ai-builder@0.1.0 dev
> next dev

[Fri Feb 13 12:33:33 EST 2026] Health FAILED
[Fri Feb 13 12:33:33 EST 2026] Restarting server...

> ai-builder@0.1.0 dev
> next dev

[Fri Feb 13 12:34:01 EST 2026] Health FAILED
[Fri Feb 13 12:34:01 EST 2026] Restarting server...

> ai-builder@0.1.0 dev
> next dev

[Fri Feb 13 12:34:29 EST 2026] Health FAILED
[Fri Feb 13 12:34:29 EST 2026] Restarting server...

> ai-builder@0.1.0 dev
> next dev

[Fri Feb 13 12:34:57 EST 2026] Health FAILED
[Fri Feb 13 12:34:57 EST 2026] Restarting server...

> ai-builder@0.1.0 dev
> next dev

[Fri Feb 13 12:35:25 EST 2026] Health FAILED
[Fri Feb 13 12:35:25 EST 2026] Restarting server...

> ai-builder@0.1.0 dev
> next dev

[Fri Feb 13 12:35:53 EST 2026] Health FAILED
[Fri Feb 13 12:35:53 EST 2026] Restarting server...

> ai-builder@0.1.0 dev
> next dev

[Fri Feb 13 12:36:21 EST 2026] Health FAILED
[Fri Feb 13 12:36:21 EST 2026] Restarting server...

> ai-builder@0.1.0 dev
> next dev

[Fri Feb 13 12:36:49 EST 2026] Health FAILED
[Fri Feb 13 12:36:49 EST 2026] Restarting server...

> ai-builder@0.1.0 dev
> next dev

[Fri Feb 13 12:37:18 EST 2026] Health FAILED
[Fri Feb 13 12:37:18 EST 2026] Restarting server...

> ai-builder@0.1.0 dev
> next dev

[Fri Feb 13 12:37:46 EST 2026] Health FAILED
[Fri Feb 13 12:37:46 EST 2026] Restarting server...

> ai-builder@0.1.0 dev
> next dev

[Fri Feb 13 12:38:14 EST 2026] Health FAILED
[Fri Feb 13 12:38:14 EST 2026] Restarting server...

> ai-builder@0.1.0 dev
> next dev

[Fri Feb 13 12:38:42 EST 2026] Health FAILED
[Fri Feb 13 12:38:42 EST 2026] Restarting server...

> ai-builder@0.1.0 dev
> next dev

[Fri Feb 13 12:39:10 EST 2026] Health FAILED
[Fri Feb 13 12:39:10 EST 2026] Restarting server...

> ai-builder@0.1.0 dev
> next dev

[Fri Feb 13 12:39:38 EST 2026] Health FAILED
[Fri Feb 13 12:39:38 EST 2026] Restarting server...

> ai-builder@0.1.0 dev
> next dev

[Fri Feb 13 12:40:06 EST 2026] Health FAILED
[Fri Feb 13 12:40:06 EST 2026] Restarting server...

> ai-builder@0.1.0 dev
> next dev

[Fri Feb 13 12:40:34 EST 2026] Health FAILED
[Fri Feb 13 12:40:34 EST 2026] Restarting server...

> ai-builder@0.1.0 dev
> next dev

[Fri Feb 13 12:41:02 EST 2026] Health FAILED
[Fri Feb 13 12:41:02 EST 2026] Restarting server...

> ai-builder@0.1.0 dev
> next dev

[Fri Feb 13 12:41:30 EST 2026] Health FAILED
[Fri Feb 13 12:41:30 EST 2026] Restarting server...

> ai-builder@0.1.0 dev
> next dev

[Fri Feb 13 12:41:58 EST 2026] Health FAILED
[Fri Feb 13 12:41:58 EST 2026] Restarting server...

> ai-builder@0.1.0 dev
> next dev

[Fri Feb 13 12:42:27 EST 2026] Health FAILED
[Fri Feb 13 12:42:27 EST 2026] Restarting server...

> ai-builder@0.1.0 dev
> next dev

[Fri Feb 13 12:42:55 EST 2026] Health FAILED
[Fri Feb 13 12:42:55 EST 2026] Restarting server...

> ai-builder@0.1.0 dev
> next dev

[Fri Feb 13 12:43:23 EST 2026] Health FAILED
[Fri Feb 13 12:43:23 EST 2026] Restarting server...

> ai-builder@0.1.0 dev
> next dev

[Fri Feb 13 12:43:51 EST 2026] Health FAILED
[Fri Feb 13 12:43:51 EST 2026] Restarting server...

> ai-builder@0.1.0 dev
> next dev

